<?xml version="1.0" encoding="UTF-8"?>
<testng-results ignored="0" total="1" passed="1" failed="0" skipped="0">
  <reporter-output>
  </reporter-output>
  <suite started-at="2025-11-03T11:44:38 IST" name="Suite" finished-at="2025-11-03T11:46:11 IST" duration-ms="93037">
    <groups>
    </groups>
    <test started-at="2025-11-03T11:44:38 IST" name="Test" finished-at="2025-11-03T11:46:11 IST" duration-ms="93037">
      <class name="com.firstcry.test.Login">
        <test-method is-config="true" signature="setupreport()[pri:0, instance:com.firstcry.test.Login@b3ca52e]" started-at="2025-11-03T11:44:38 IST" name="setupreport" finished-at="2025-11-03T11:44:38 IST" duration-ms="190" status="PASS">
          <reporter-output>
          </reporter-output>
        </test-method> <!-- setupreport -->
        <test-method is-config="true" signature="setup()[pri:0, instance:com.firstcry.test.Login@b3ca52e]" started-at="2025-11-03T11:44:38 IST" name="setup" finished-at="2025-11-03T11:44:40 IST" duration-ms="1858" status="PASS">
          <reporter-output>
          </reporter-output>
        </test-method> <!-- setup -->
        <test-method signature="firstCryFullFlow()[pri:0, instance:com.firstcry.test.Login@b3ca52e]" started-at="2025-11-03T11:44:40 IST" name="firstCryFullFlow" finished-at="2025-11-03T11:46:05 IST" duration-ms="85515" status="PASS">
          <reporter-output>
          </reporter-output>
        </test-method> <!-- firstCryFullFlow -->
        <test-method is-config="true" signature="teardown()[pri:0, instance:com.firstcry.test.Login@b3ca52e]" started-at="2025-11-03T11:46:05 IST" name="teardown" finished-at="2025-11-03T11:46:11 IST" duration-ms="5627" status="PASS">
          <reporter-output>
          </reporter-output>
        </test-method> <!-- teardown -->
        <test-method is-config="true" signature="flushreport()[pri:0, instance:com.firstcry.test.Login@b3ca52e]" started-at="2025-11-03T11:46:11 IST" name="flushreport" finished-at="2025-11-03T11:46:11 IST" duration-ms="240" status="PASS">
          <reporter-output>
          </reporter-output>
        </test-method> <!-- flushreport -->
      </class> <!-- com.firstcry.test.Login -->
    </test> <!-- Test -->
  </suite> <!-- Suite -->
</testng-results>
